[2025-07-10 16:17:01,284] 1025 -INFO -HTTP Request: GET https://dagshub.com/api/v1/user "HTTP/1.1 200 OK"
[2025-07-10 16:17:01,289] 107 -INFO -Accessing as Rayan786-12
[2025-07-10 16:17:01,696] 1025 -INFO -HTTP Request: GET https://dagshub.com/api/v1/repos/Rayan786-12/networksecurity "HTTP/1.1 200 OK"
[2025-07-10 16:17:02,100] 1025 -INFO -HTTP Request: GET https://dagshub.com/api/v1/user "HTTP/1.1 200 OK"
[2025-07-10 16:17:02,110] 107 -INFO -Initialized MLflow to track repo "Rayan786-12/networksecurity"
[2025-07-10 16:17:02,111] 107 -INFO -Repository Rayan786-12/networksecurity initialized!
[2025-07-10 16:19:20,351] 33 -INFO -Start_Data_ingestion
[2025-07-10 16:19:41,531] 84 -INFO -Performed train test split on the dataframe
[2025-07-10 16:19:41,531] 86 -INFO -Exited split_data_as_train_test method of Data_Ingestion class
[2025-07-10 16:19:41,532] 94 -INFO -Exporting train and test file path.
[2025-07-10 16:19:41,621] 103 -INFO -Exported train and test file path.
[2025-07-10 16:19:41,622] 36 -INFO -Data Ingestion completed and artifact: DataIngestionArtifact(trained_file_path='Artifacts\\07_10_2025_16_16_59\\data_ingestion\\ingested\\train.csv', test_file_path='Artifacts\\07_10_2025_16_16_59\\data_ingestion\\ingested\\test.csv')
[2025-07-10 16:19:41,623] 33 -INFO -Start_Data_ingestion
[2025-07-10 16:19:54,268] 84 -INFO -Performed train test split on the dataframe
[2025-07-10 16:19:54,268] 86 -INFO -Exited split_data_as_train_test method of Data_Ingestion class
[2025-07-10 16:19:54,269] 94 -INFO -Exporting train and test file path.
[2025-07-10 16:19:54,375] 103 -INFO -Exported train and test file path.
[2025-07-10 16:19:54,376] 36 -INFO -Data Ingestion completed and artifact: DataIngestionArtifact(trained_file_path='Artifacts\\07_10_2025_16_16_59\\data_ingestion\\ingested\\train.csv', test_file_path='Artifacts\\07_10_2025_16_16_59\\data_ingestion\\ingested\\test.csv')
[2025-07-10 16:19:54,376] 66 -INFO -Entered initiate_data_transformation method of DataTransformation class
[2025-07-10 16:19:54,376] 68 -INFO -Starting data transformation
