[2025-07-09 21:38:19,491] 1025 -INFO -HTTP Request: GET https://dagshub.com/api/v1/user "HTTP/1.1 200 OK"
[2025-07-09 21:38:19,500] 107 -INFO -Accessing as Rayan786-12
[2025-07-09 21:38:19,835] 1025 -INFO -HTTP Request: GET https://dagshub.com/api/v1/repos/Rayan786-12/networksecurity "HTTP/1.1 200 OK"
[2025-07-09 21:38:20,137] 1025 -INFO -HTTP Request: GET https://dagshub.com/api/v1/user "HTTP/1.1 200 OK"
[2025-07-09 21:38:20,145] 107 -INFO -Initialized MLflow to track repo "Rayan786-12/networksecurity"
[2025-07-09 21:38:20,145] 107 -INFO -Repository Rayan786-12/networksecurity initialized!
[2025-07-09 21:38:20,145] 17 -INFO -Initiate the data ingestion
[2025-07-09 21:38:25,239] 84 -INFO -Performed train test split on the dataframe
[2025-07-09 21:38:25,239] 86 -INFO -Exited split_data_as_train_test method of Data_Ingestion class
[2025-07-09 21:38:25,240] 94 -INFO -Exporting train and test file path.
[2025-07-09 21:38:25,350] 103 -INFO -Exported train and test file path.
[2025-07-09 21:38:25,350] 20 -INFO -Data Initiation Completed
[2025-07-09 21:38:25,350] 23 -INFO -Initiate the data Validation
[2025-07-09 21:38:25,397] 30 -INFO -Required number of columns:2
[2025-07-09 21:38:25,397] 31 -INFO -Data frame has columns:31
[2025-07-09 21:38:25,641] 25 -INFO -Data Validation Completed
[2025-07-09 21:38:25,641] 27 -INFO -data Transformation started
[2025-07-09 21:38:25,641] 66 -INFO -Entered initiate_data_transformation method of DataTransformation class
[2025-07-09 21:38:25,641] 68 -INFO -Starting data transformation
[2025-07-09 21:38:25,681] 50 -INFO -Entered get_data_trnasformer_object method of Trnasformation class
[2025-07-09 21:38:25,681] 56 -INFO -Initialise KNNImputer with {'missing_values': nan, 'n_neighbors': 3, 'weights': 'uniform'}
[2025-07-09 21:38:25,713] 52 -INFO -Entered the save_object method of MainUtils class
[2025-07-09 21:38:25,713] 56 -INFO -Exited the save_object method of MainUtils class
[2025-07-09 21:38:25,713] 52 -INFO -Entered the save_object method of MainUtils class
[2025-07-09 21:38:25,713] 56 -INFO -Exited the save_object method of MainUtils class
[2025-07-09 21:38:25,729] 32 -INFO -data Transformation completed
[2025-07-09 21:38:25,729] 34 -INFO -Model Training started 
